<?xml version="1.0" encoding="UTF-8"?>
<testng-results ignored="0" total="1" passed="1" failed="0" skipped="0">
  <reporter-output>
  </reporter-output>
  <suite started-at="2020-12-26T10:25:16Z" name="Default suite" finished-at="2020-12-26T10:25:27Z" duration-ms="11196">
    <groups>
    </groups>
    <test started-at="2020-12-26T10:25:16Z" name="Default test" finished-at="2020-12-26T10:25:27Z" duration-ms="11196">
      <class name="logintest.loginverify">
        <test-method signature="usertest()[pri:0, instance:logintest.loginverify@2de23121]" started-at="2020-12-26T10:25:16Z" name="usertest" finished-at="2020-12-26T10:25:27Z" duration-ms="11149" status="PASS">
          <reporter-output>
          </reporter-output>
        </test-method> <!-- usertest -->
      </class> <!-- logintest.loginverify -->
    </test> <!-- Default test -->
  </suite> <!-- Default suite -->
</testng-results>
