<?xml version="1.0" encoding="UTF-8"?>
<!-- Generated by org.testng.reporters.JUnitReportReporter -->
<testsuite hostname="DESKTOP-99N73JI" failures="0" tests="1" name="amazon2.amazon2.amazonhomepage2" time="3.282" errors="1" timestamp="06 Feb 2021 11:05:26 GMT" skipped="0">
  <testcase classname="amazon2.amazon2.amazonhomepage2" name="openbrowser" time="3.282">
    <error message="session not created: This version of ChromeDriver only supports Chrome version 89
Current browser version is 88.0.4324.146 with binary path C:\Program Files\Google\Chrome\Application\chrome.exe
Build info: version: &#039;3.141.59&#039;, revision: &#039;e82be7d358&#039;, time: &#039;2018-11-14T08:17:03&#039;
System info: host: &#039;DESKTOP-99N73JI&#039;, ip: &#039;192.168.29.5&#039;, os.name: &#039;Windows 10&#039;, os.arch: &#039;amd64&#039;, os.version: &#039;10.0&#039;, java.version: &#039;15.0.1&#039;
Driver info: driver.version: ChromeDriver
remote stacktrace: Backtrace:
	Ordinal0 [0x0061E7D3+124883]
	Ordinal0 [0x0061E7B1+124849]
	GetHandleVerifier [0x00868688+193832]
	GetHandleVerifier [0x00883AC5+305509]
	GetHandleVerifier [0x0088021B+291003]
	GetHandleVerifier [0x0087E0AC+282444]
	GetHandleVerifier [0x008A4A90+440624]
	GetHandleVerifier [0x008A47FC+439964]
	GetHandleVerifier [0x008A154B+426987]
	GetHandleVerifier [0x00884FFD+310941]
	GetHandleVerifier [0x00885D8E+314414]
	GetHandleVerifier [0x00885D19+314297]
	GetHandleVerifier [0x009431EC+1089676]
	GetHandleVerifier [0x009417C9+1082985]
	GetHandleVerifier [0x009413A3+1081923]
	GetHandleVerifier [0x00A3D9FD+2115741]
	Ordinal0 [0x0076B82E+1488942]
	Ordinal0 [0x00705A7D+1071741]
	Ordinal0 [0x0070559B+1070491]
	Ordinal0 [0x007054B1+1070257]
	Ordinal0 [0x0073FF53+1310547]
	BaseThreadInitThunk [0x74F1FA29+25]
	RtlGetAppContainerNamedObjectPath [0x76F675F4+228]
	RtlGetAppContainerNamedObjectPath [0x76F675C4+180]
" type="org.openqa.selenium.SessionNotCreatedException">
      <![CDATA[org.openqa.selenium.SessionNotCreatedException: session not created: This version of ChromeDriver only supports Chrome version 89
Current browser version is 88.0.4324.146 with binary path C:\Program Files\Google\Chrome\Application\chrome.exe
Build info: version: '3.141.59', revision: 'e82be7d358', time: '2018-11-14T08:17:03'
System info: host: 'DESKTOP-99N73JI', ip: '192.168.29.5', os.name: 'Windows 10', os.arch: 'amd64', os.version: '10.0', java.version: '15.0.1'
Driver info: driver.version: ChromeDriver
remote stacktrace: Backtrace:
Ordinal0 [0x0061E7D3+124883]
Ordinal0 [0x0061E7B1+124849]
GetHandleVerifier [0x00868688+193832]
GetHandleVerifier [0x00883AC5+305509]
GetHandleVerifier [0x0088021B+291003]
GetHandleVerifier [0x0087E0AC+282444]
GetHandleVerifier [0x008A4A90+440624]
GetHandleVerifier [0x008A47FC+439964]
GetHandleVerifier [0x008A154B+426987]
GetHandleVerifier [0x00884FFD+310941]
GetHandleVerifier [0x00885D8E+314414]
GetHandleVerifier [0x00885D19+314297]
GetHandleVerifier [0x009431EC+1089676]
GetHandleVerifier [0x009417C9+1082985]
GetHandleVerifier [0x009413A3+1081923]
GetHandleVerifier [0x00A3D9FD+2115741]
Ordinal0 [0x0076B82E+1488942]
Ordinal0 [0x00705A7D+1071741]
Ordinal0 [0x0070559B+1070491]
Ordinal0 [0x007054B1+1070257]
Ordinal0 [0x0073FF53+1310547]
BaseThreadInitThunk [0x74F1FA29+25]
RtlGetAppContainerNamedObjectPath [0x76F675F4+228]
RtlGetAppContainerNamedObjectPath [0x76F675C4+180]

at java.base/jdk.internal.reflect.NativeConstructorAccessorImpl.newInstance0(Native Method)
at java.base/jdk.internal.reflect.NativeConstructorAccessorImpl.newInstance(NativeConstructorAccessorImpl.java:64)
at java.base/jdk.internal.reflect.DelegatingConstructorAccessorImpl.newInstance(DelegatingConstructorAccessorImpl.java:45)
at java.base/java.lang.reflect.Constructor.newInstanceWithCaller(Constructor.java:500)
at java.base/java.lang.reflect.Constructor.newInstance(Constructor.java:481)
at org.openqa.selenium.remote.W3CHandshakeResponse.lambda$errorHandler$0(W3CHandshakeResponse.java:62)
at org.openqa.selenium.remote.HandshakeResponse.lambda$getResponseFunction$0(HandshakeResponse.java:30)
at org.openqa.selenium.remote.ProtocolHandshake.lambda$createSession$0(ProtocolHandshake.java:126)
at java.base/java.util.stream.ReferencePipeline$3$1.accept(ReferencePipeline.java:195)
at java.base/java.util.Spliterators$ArraySpliterator.tryAdvance(Spliterators.java:958)
at java.base/java.util.stream.ReferencePipeline.forEachWithCancel(ReferencePipeline.java:127)
at java.base/java.util.stream.AbstractPipeline.copyIntoWithCancel(AbstractPipeline.java:502)
at java.base/java.util.stream.AbstractPipeline.copyInto(AbstractPipeline.java:488)
at java.base/java.util.stream.AbstractPipeline.wrapAndCopyInto(AbstractPipeline.java:474)
at java.base/java.util.stream.FindOps$FindOp.evaluateSequential(FindOps.java:150)
at java.base/java.util.stream.AbstractPipeline.evaluate(AbstractPipeline.java:234)
at java.base/java.util.stream.ReferencePipeline.findFirst(ReferencePipeline.java:543)
at org.openqa.selenium.remote.ProtocolHandshake.createSession(ProtocolHandshake.java:128)
at org.openqa.selenium.remote.ProtocolHandshake.createSession(ProtocolHandshake.java:74)
at org.openqa.selenium.remote.HttpCommandExecutor.execute(HttpCommandExecutor.java:136)
at org.openqa.selenium.remote.service.DriverCommandExecutor.execute(DriverCommandExecutor.java:83)
at org.openqa.selenium.remote.RemoteWebDriver.execute(RemoteWebDriver.java:552)
at org.openqa.selenium.remote.RemoteWebDriver.startSession(RemoteWebDriver.java:213)
at org.openqa.selenium.remote.RemoteWebDriver.<init>(RemoteWebDriver.java:131)
at org.openqa.selenium.chrome.ChromeDriver.<init>(ChromeDriver.java:181)
at org.openqa.selenium.chrome.ChromeDriver.<init>(ChromeDriver.java:168)
at org.openqa.selenium.chrome.ChromeDriver.<init>(ChromeDriver.java:123)
at amazon2.amazon2.amazonhomepage2.openbrowser(amazonhomepage2.java:13)
at java.base/jdk.internal.reflect.NativeMethodAccessorImpl.invoke0(Native Method)
at java.base/jdk.internal.reflect.NativeMethodAccessorImpl.invoke(NativeMethodAccessorImpl.java:64)
at java.base/jdk.internal.reflect.DelegatingMethodAccessorImpl.invoke(DelegatingMethodAccessorImpl.java:43)
at java.base/java.lang.reflect.Method.invoke(Method.java:564)
at org.testng.internal.MethodInvocationHelper.invokeMethod(MethodInvocationHelper.java:124)
at org.testng.internal.Invoker.invokeMethod(Invoker.java:583)
at org.testng.internal.Invoker.invokeTestMethod(Invoker.java:719)
at org.testng.internal.Invoker.invokeTestMethods(Invoker.java:989)
at org.testng.internal.TestMethodWorker.invokeTestMethods(TestMethodWorker.java:125)
at org.testng.internal.TestMethodWorker.run(TestMethodWorker.java:109)
at org.testng.TestRunner.privateRun(TestRunner.java:648)
at org.testng.TestRunner.run(TestRunner.java:505)
at org.testng.SuiteRunner.runTest(SuiteRunner.java:455)
at org.testng.SuiteRunner.runSequentially(SuiteRunner.java:450)
at org.testng.SuiteRunner.privateRun(SuiteRunner.java:415)
at org.testng.SuiteRunner.run(SuiteRunner.java:364)
at org.testng.SuiteRunnerWorker.runSuite(SuiteRunnerWorker.java:52)
at org.testng.SuiteRunnerWorker.run(SuiteRunnerWorker.java:84)
at org.testng.TestNG.runSuitesSequentially(TestNG.java:1208)
at org.testng.TestNG.runSuitesLocally(TestNG.java:1137)
at org.testng.TestNG.runSuites(TestNG.java:1049)
at org.testng.TestNG.run(TestNG.java:1017)
at org.testng.remote.AbstractRemoteTestNG.run(AbstractRemoteTestNG.java:115)
at org.testng.remote.RemoteTestNG.initAndRun(RemoteTestNG.java:251)
at org.testng.remote.RemoteTestNG.main(RemoteTestNG.java:77)
]]>
    </error>
  </testcase> <!-- openbrowser -->
</testsuite> <!-- amazon2.amazon2.amazonhomepage2 -->
