<?xml version="1.0" encoding="UTF-8"?>
<testng-results ignored="0" total="1" passed="1" failed="0" skipped="0">
  <reporter-output>
  </reporter-output>
  <suite started-at="2021-02-09T14:21:54 IST" name="Suite2" finished-at="2021-02-09T14:22:02 IST" duration-ms="8415">
    <groups>
    </groups>
    <test started-at="2021-02-09T14:21:54 IST" name="edgetest" finished-at="2021-02-09T14:22:02 IST" duration-ms="8415">
      <class name="tc.edgehome">
        <test-method signature="login1()[pri:0, instance:tc.edgehome@186f8716]" started-at="2021-02-09T14:21:54 IST" name="login1" finished-at="2021-02-09T14:22:02 IST" duration-ms="8371" status="PASS">
          <reporter-output>
          </reporter-output>
        </test-method> <!-- login1 -->
      </class> <!-- tc.edgehome -->
    </test> <!-- edgetest -->
  </suite> <!-- Suite2 -->
</testng-results>
