<?xml version="1.0" encoding="UTF-8"?>
<testng-results ignored="0" total="1" passed="1" failed="0" skipped="0">
  <reporter-output>
  </reporter-output>
  <suite started-at="2021-02-06T16:37:42 IST" name="Suite2" finished-at="2021-02-06T16:37:53 IST" duration-ms="11426">
    <groups>
    </groups>
    <test started-at="2021-02-06T16:37:42 IST" name="amazontest" finished-at="2021-02-06T16:37:53 IST" duration-ms="11426">
      <class name="tc.tc_homepage1">
        <test-method signature="open()[pri:0, instance:tc.tc_homepage1@186f8716]" started-at="2021-02-06T16:37:42 IST" name="open" finished-at="2021-02-06T16:37:53 IST" duration-ms="11384" status="PASS">
          <reporter-output>
          </reporter-output>
        </test-method> <!-- open -->
      </class> <!-- tc.tc_homepage1 -->
    </test> <!-- amazontest -->
  </suite> <!-- Suite2 -->
</testng-results>
