<?xml version="1.0" encoding="UTF-8"?>
<!-- Generated by org.testng.reporters.JUnitXMLReporter -->
<testsuite ignored="0" hostname="DESKTOP-99N73JI" failures="1" tests="1" name="a1test" time="40.637" errors="0" timestamp="2021-02-08T21:59:25 IST">
  <testcase classname="tc.h2page" name="h2test" time="40.574">
    <failure type="org.openqa.selenium.SessionNotCreatedException" message="session not created
from chrome not reachable
  (Session info: chrome=88.0.4324.150)
Build info: version: &amp;apos;3.141.59&amp;apos;, revision: &amp;apos;e82be7d358&amp;apos;, time: &amp;apos;2018-11-14T08:17:03&amp;apos;
System info: host: &amp;apos;DESKTOP-99N73JI&amp;apos;, ip: &amp;apos;192.168.29.5&amp;apos;, os.name: &amp;apos;Windows 10&amp;apos;, os.arch: &amp;apos;amd64&amp;apos;, os.version: &amp;apos;10.0&amp;apos;, java.version: &amp;apos;15.0.1&amp;apos;
Driver info: driver.version: ChromeDriver
remote stacktrace: Backtrace:
	Ordinal0 [0x009DC0C3+3326147]
	Ordinal0 [0x008C0851+2164817]
	Ordinal0 [0x00747140+618816]
	Ordinal0 [0x0073D404+578564]
	Ordinal0 [0x0073DACB+580299]
	Ordinal0 [0x0073ED35+585013]
	Ordinal0 [0x00739D61+564577]
	Ordinal0 [0x007482C0+623296]
	Ordinal0 [0x006E6BDD+224221]
	Ordinal0 [0x006E5CAC+220332]
	Ordinal0 [0x006E189B+202907]
	Ordinal0 [0x006C3DF4+81396]
	Ordinal0 [0x006C4DEE+85486]
	Ordinal0 [0x006C4D79+85369]
	Ordinal0 [0x008D85DC+2262492]
	GetHandleVerifier [0x00B62874+1487204]
	GetHandleVerifier [0x00B623CD+1486013]
	GetHandleVerifier [0x00B6A368+1518680]
	GetHandleVerifier [0x00B62F4E+1488958]
	Ordinal0 [0x008CED0D+2223373]
	Ordinal0 [0x008DA12B+2269483]
	Ordinal0 [0x008DA26F+2269807]
	Ordinal0 [0x008EECB8+2354360]
	BaseThreadInitThunk [0x761BFA29+25]
	RtlGetAppContainerNamedObjectPath [0x76F575F4+228]
	RtlGetAppContainerNamedObjectPath [0x76F575C4+180]
">
      <![CDATA[org.openqa.selenium.SessionNotCreatedException: session not created
from chrome not reachable
  (Session info: chrome=88.0.4324.150)
Build info: version: '3.141.59', revision: 'e82be7d358', time: '2018-11-14T08:17:03'
System info: host: 'DESKTOP-99N73JI', ip: '192.168.29.5', os.name: 'Windows 10', os.arch: 'amd64', os.version: '10.0', java.version: '15.0.1'
Driver info: driver.version: ChromeDriver
remote stacktrace: Backtrace:
Ordinal0 [0x009DC0C3+3326147]
Ordinal0 [0x008C0851+2164817]
Ordinal0 [0x00747140+618816]
Ordinal0 [0x0073D404+578564]
Ordinal0 [0x0073DACB+580299]
Ordinal0 [0x0073ED35+585013]
Ordinal0 [0x00739D61+564577]
Ordinal0 [0x007482C0+623296]
Ordinal0 [0x006E6BDD+224221]
Ordinal0 [0x006E5CAC+220332]
Ordinal0 [0x006E189B+202907]
Ordinal0 [0x006C3DF4+81396]
Ordinal0 [0x006C4DEE+85486]
Ordinal0 [0x006C4D79+85369]
Ordinal0 [0x008D85DC+2262492]
GetHandleVerifier [0x00B62874+1487204]
GetHandleVerifier [0x00B623CD+1486013]
GetHandleVerifier [0x00B6A368+1518680]
GetHandleVerifier [0x00B62F4E+1488958]
Ordinal0 [0x008CED0D+2223373]
Ordinal0 [0x008DA12B+2269483]
Ordinal0 [0x008DA26F+2269807]
Ordinal0 [0x008EECB8+2354360]
BaseThreadInitThunk [0x761BFA29+25]
RtlGetAppContainerNamedObjectPath [0x76F575F4+228]
RtlGetAppContainerNamedObjectPath [0x76F575C4+180]

at org.openqa.selenium.remote.W3CHandshakeResponse.lambda$errorHandler$0(W3CHandshakeResponse.java:62)
at org.openqa.selenium.remote.HandshakeResponse.lambda$getResponseFunction$0(HandshakeResponse.java:30)
at org.openqa.selenium.remote.ProtocolHandshake.lambda$createSession$0(ProtocolHandshake.java:126)
at java.base/java.util.stream.ReferencePipeline$3$1.accept(ReferencePipeline.java:195)
at java.base/java.util.Spliterators$ArraySpliterator.tryAdvance(Spliterators.java:958)
at java.base/java.util.stream.ReferencePipeline.forEachWithCancel(ReferencePipeline.java:127)
at java.base/java.util.stream.AbstractPipeline.copyIntoWithCancel(AbstractPipeline.java:502)
at java.base/java.util.stream.AbstractPipeline.copyInto(AbstractPipeline.java:488)
at java.base/java.util.stream.AbstractPipeline.wrapAndCopyInto(AbstractPipeline.java:474)
at java.base/java.util.stream.FindOps$FindOp.evaluateSequential(FindOps.java:150)
at java.base/java.util.stream.AbstractPipeline.evaluate(AbstractPipeline.java:234)
at java.base/java.util.stream.ReferencePipeline.findFirst(ReferencePipeline.java:543)
at org.openqa.selenium.remote.ProtocolHandshake.createSession(ProtocolHandshake.java:128)
at org.openqa.selenium.remote.ProtocolHandshake.createSession(ProtocolHandshake.java:74)
at org.openqa.selenium.remote.HttpCommandExecutor.execute(HttpCommandExecutor.java:136)
at org.openqa.selenium.remote.service.DriverCommandExecutor.execute(DriverCommandExecutor.java:83)
at org.openqa.selenium.remote.RemoteWebDriver.execute(RemoteWebDriver.java:552)
at org.openqa.selenium.remote.RemoteWebDriver.startSession(RemoteWebDriver.java:213)
at org.openqa.selenium.remote.RemoteWebDriver.<init>(RemoteWebDriver.java:131)
at org.openqa.selenium.chrome.ChromeDriver.<init>(ChromeDriver.java:181)
at org.openqa.selenium.chrome.ChromeDriver.<init>(ChromeDriver.java:168)
at org.openqa.selenium.chrome.ChromeDriver.<init>(ChromeDriver.java:123)
at tc.h2page.h2test(h2page.java:12)
at java.base/java.util.ArrayList.forEach(ArrayList.java:1511)
... Removed 32 stack frames]]>
    </failure>
  </testcase> <!-- h2test -->
</testsuite> <!-- a1test -->
