<?xml version="1.0" encoding="UTF-8"?>
<testng-results ignored="0" total="1" passed="1" failed="0" skipped="0">
  <reporter-output>
  </reporter-output>
  <suite started-at="2021-02-01T10:35:23Z" name="Default suite" finished-at="2021-02-01T10:35:39Z" duration-ms="15546">
    <groups>
    </groups>
    <test started-at="2021-02-01T10:35:23Z" name="Default test" finished-at="2021-02-01T10:35:39Z" duration-ms="15546">
      <class name="p6.p6.browser">
        <test-method signature="launchbrowser()[pri:0, instance:p6.p6.browser@747edf66]" started-at="2021-02-01T10:35:23Z" name="launchbrowser" finished-at="2021-02-01T10:35:39Z" duration-ms="15507" status="PASS">
          <reporter-output>
          </reporter-output>
        </test-method> <!-- launchbrowser -->
      </class> <!-- p6.p6.browser -->
    </test> <!-- Default test -->
  </suite> <!-- Default suite -->
</testng-results>
