<?xml version="1.0" encoding="UTF-8"?>
<testng-results ignored="0" total="1" passed="1" failed="0" skipped="0">
  <reporter-output>
  </reporter-output>
  <suite started-at="2021-01-31T15:00:01 IST" name="Default suite" finished-at="2021-01-31T15:00:09 IST" duration-ms="8287">
    <groups>
    </groups>
    <test started-at="2021-01-31T15:00:01 IST" name="Default test" finished-at="2021-01-31T15:00:09 IST" duration-ms="8287">
      <class name="tc.tc_f1homepage3">
        <test-method signature="ftest()[pri:0, instance:tc.tc_f1homepage3@49c7b90e]" started-at="2021-01-31T15:00:01 IST" name="ftest" finished-at="2021-01-31T15:00:09 IST" duration-ms="8240" status="PASS">
          <reporter-output>
          </reporter-output>
        </test-method> <!-- ftest -->
      </class> <!-- tc.tc_f1homepage3 -->
    </test> <!-- Default test -->
  </suite> <!-- Default suite -->
</testng-results>
