<?xml version="1.0" encoding="UTF-8"?>
<testng-results ignored="0" total="1" passed="1" failed="0" skipped="0">
  <reporter-output>
  </reporter-output>
  <suite started-at="2021-02-08T09:41:45 IST" name="Suite1" finished-at="2021-02-08T09:41:53 IST" duration-ms="7596">
    <groups>
    </groups>
    <test started-at="2021-02-08T09:41:45 IST" name="q3test" finished-at="2021-02-08T09:41:53 IST" duration-ms="7596">
      <class name="tc.q3homepage">
        <test-method signature="q3login()[pri:0, instance:tc.q3homepage@87a85e1]" started-at="2021-02-08T09:41:45 IST" name="q3login" finished-at="2021-02-08T09:41:53 IST" duration-ms="7546" status="PASS">
          <reporter-output>
          </reporter-output>
        </test-method> <!-- q3login -->
      </class> <!-- tc.q3homepage -->
    </test> <!-- q3test -->
  </suite> <!-- Suite1 -->
</testng-results>
