<?xml version="1.0" encoding="UTF-8"?>
<testng-results ignored="0" total="1" passed="1" failed="0" skipped="0">
  <reporter-output>
  </reporter-output>
  <suite started-at="2021-02-09T14:04:51 IST" name="Default suite" finished-at="2021-02-09T14:05:00 IST" duration-ms="8894">
    <groups>
    </groups>
    <test started-at="2021-02-09T14:04:51 IST" name="Default test" finished-at="2021-02-09T14:05:00 IST" duration-ms="8894">
      <class name="tc.h2page">
        <test-method signature="h2test()[pri:0, instance:tc.h2page@7ea9e1e2]" started-at="2021-02-09T14:04:51 IST" name="h2test" finished-at="2021-02-09T14:05:00 IST" duration-ms="8832" status="PASS">
          <reporter-output>
          </reporter-output>
        </test-method> <!-- h2test -->
      </class> <!-- tc.h2page -->
    </test> <!-- Default test -->
  </suite> <!-- Default suite -->
</testng-results>
