<?xml version="1.0" encoding="UTF-8"?>
<testng-results ignored="0" total="1" passed="1" failed="0" skipped="0">
  <reporter-output>
  </reporter-output>
  <suite started-at="2021-02-08T22:03:24 IST" name="Suite1" finished-at="2021-02-08T22:03:33 IST" duration-ms="8461">
    <groups>
    </groups>
    <test started-at="2021-02-08T22:03:24 IST" name="a1test" finished-at="2021-02-08T22:03:33 IST" duration-ms="8461">
      <class name="tc.h2page">
        <test-method signature="h2test()[pri:0, instance:tc.h2page@87a85e1]" started-at="2021-02-08T22:03:24 IST" name="h2test" finished-at="2021-02-08T22:03:33 IST" duration-ms="8399" status="PASS">
          <reporter-output>
          </reporter-output>
        </test-method> <!-- h2test -->
      </class> <!-- tc.h2page -->
    </test> <!-- a1test -->
  </suite> <!-- Suite1 -->
</testng-results>
