<?xml version="1.0" encoding="UTF-8"?>
<testng-results ignored="0" total="1" passed="1" failed="0" skipped="0">
  <reporter-output>
  </reporter-output>
  <suite started-at="2021-02-01T11:19:05Z" name="Suite1" finished-at="2021-02-01T11:19:17Z" duration-ms="11841">
    <groups>
    </groups>
    <test started-at="2021-02-01T11:19:05Z" name="storeTest" finished-at="2021-02-01T11:19:17Z" duration-ms="11841">
      <class name="tc.storelogin">
        <test-method signature="userlogin()[pri:0, instance:tc.storelogin@3eb77ea8]" started-at="2021-02-01T11:19:05Z" name="userlogin" finished-at="2021-02-01T11:19:17Z" duration-ms="11788" status="PASS">
          <reporter-output>
          </reporter-output>
        </test-method> <!-- userlogin -->
      </class> <!-- tc.storelogin -->
    </test> <!-- storeTest -->
  </suite> <!-- Suite1 -->
</testng-results>
