<?xml version="1.0" encoding="UTF-8"?>
<testng-results ignored="0" total="1" passed="1" failed="0" skipped="0">
  <reporter-output>
  </reporter-output>
  <suite started-at="2021-02-07T18:14:18 IST" name="Suite1" finished-at="2021-02-07T18:14:26 IST" duration-ms="8071">
    <groups>
    </groups>
    <test started-at="2021-02-07T18:14:18 IST" name="qflip" finished-at="2021-02-07T18:14:26 IST" duration-ms="8071">
      <class name="tc.tchomepage">
        <test-method signature="open1()[pri:0, instance:tc.tchomepage@2aceadd4]" started-at="2021-02-07T18:14:18 IST" name="open1" finished-at="2021-02-07T18:14:26 IST" duration-ms="8015" status="PASS">
          <reporter-output>
          </reporter-output>
        </test-method> <!-- open1 -->
      </class> <!-- tc.tchomepage -->
    </test> <!-- qflip -->
  </suite> <!-- Suite1 -->
</testng-results>
