<?xml version="1.0" encoding="UTF-8"?>
<testng-results ignored="0" total="1" passed="1" failed="0" skipped="0">
  <reporter-output>
  </reporter-output>
  <suite started-at="2021-01-28T15:04:14 IST" name="Default suite" finished-at="2021-01-28T15:04:21 IST" duration-ms="7054">
    <groups>
    </groups>
    <test started-at="2021-01-28T15:04:14 IST" name="Default test" finished-at="2021-01-28T15:04:21 IST" duration-ms="7054">
      <class name="tc.tchompage">
        <test-method signature="verify()[pri:0, instance:tc.tchompage@6d4e5011]" started-at="2021-01-28T15:04:14 IST" name="verify" finished-at="2021-01-28T15:04:21 IST" duration-ms="7001" status="PASS">
          <reporter-output>
          </reporter-output>
        </test-method> <!-- verify -->
      </class> <!-- tc.tchompage -->
    </test> <!-- Default test -->
  </suite> <!-- Default suite -->
</testng-results>
