<?xml version="1.0" encoding="UTF-8"?>
<testng-results ignored="0" total="1" passed="1" failed="0" skipped="0">
  <reporter-output>
  </reporter-output>
  <suite started-at="2021-02-07T19:35:43 IST" name="Suite1" finished-at="2021-02-07T19:35:50 IST" duration-ms="7723">
    <groups>
    </groups>
    <test started-at="2021-02-07T19:35:43 IST" name="aq2test" finished-at="2021-02-07T19:35:50 IST" duration-ms="7723">
      <class name="tc.qhomepage">
        <test-method signature="qlogin()[pri:0, instance:tc.qhomepage@71c3b41]" started-at="2021-02-07T19:35:43 IST" name="qlogin" finished-at="2021-02-07T19:35:50 IST" duration-ms="7671" status="PASS">
          <reporter-output>
          </reporter-output>
        </test-method> <!-- qlogin -->
      </class> <!-- tc.qhomepage -->
    </test> <!-- aq2test -->
  </suite> <!-- Suite1 -->
</testng-results>
