<?xml version="1.0" encoding="UTF-8"?>
<testng-results ignored="0" total="1" passed="0" failed="1" skipped="0">
  <reporter-output>
  </reporter-output>
  <suite started-at="2021-02-06T12:15:46Z" name="Default suite" finished-at="2021-02-06T12:27:08Z" duration-ms="681581">
    <groups>
    </groups>
    <test started-at="2021-02-06T12:15:46Z" name="Default test" finished-at="2021-02-06T12:27:08Z" duration-ms="681581">
      <class name="php2.php2.phphlogin2">
        <test-method signature="login2()[pri:0, instance:php2.php2.phphlogin2@3d1cfad4]" started-at="2021-02-06T12:15:46Z" name="login2" finished-at="2021-02-06T12:27:08Z" duration-ms="681514" status="FAIL">
          <exception class="io.github.bonigarcia.wdm.WebDriverManagerException">
            <message>
              <![CDATA[java.net.UnknownHostException: No such host is known (chromedriver.storage.googleapis.com)]]>
            </message>
            <full-stacktrace>
              <![CDATA[io.github.bonigarcia.wdm.WebDriverManagerException: java.net.UnknownHostException: No such host is known (chromedriver.storage.googleapis.com)
at io.github.bonigarcia.wdm.WebDriverManager.handleException(WebDriverManager.java:612)
at io.github.bonigarcia.wdm.WebDriverManager.manage(WebDriverManager.java:538)
at io.github.bonigarcia.wdm.WebDriverManager.handleException(WebDriverManager.java:609)
at io.github.bonigarcia.wdm.WebDriverManager.manage(WebDriverManager.java:538)
at io.github.bonigarcia.wdm.WebDriverManager.setup(WebDriverManager.java:271)
at php2.php2.phphlogin2.login2(phphlogin2.java:11)
at java.base/jdk.internal.reflect.NativeMethodAccessorImpl.invoke0(Native Method)
at java.base/jdk.internal.reflect.NativeMethodAccessorImpl.invoke(NativeMethodAccessorImpl.java:64)
at java.base/jdk.internal.reflect.DelegatingMethodAccessorImpl.invoke(DelegatingMethodAccessorImpl.java:43)
at java.base/java.lang.reflect.Method.invoke(Method.java:564)
at org.testng.internal.MethodInvocationHelper.invokeMethod(MethodInvocationHelper.java:124)
at org.testng.internal.Invoker.invokeMethod(Invoker.java:583)
at org.testng.internal.Invoker.invokeTestMethod(Invoker.java:719)
at org.testng.internal.Invoker.invokeTestMethods(Invoker.java:989)
at org.testng.internal.TestMethodWorker.invokeTestMethods(TestMethodWorker.java:125)
at org.testng.internal.TestMethodWorker.run(TestMethodWorker.java:109)
at org.testng.TestRunner.privateRun(TestRunner.java:648)
at org.testng.TestRunner.run(TestRunner.java:505)
at org.testng.SuiteRunner.runTest(SuiteRunner.java:455)
at org.testng.SuiteRunner.runSequentially(SuiteRunner.java:450)
at org.testng.SuiteRunner.privateRun(SuiteRunner.java:415)
at org.testng.SuiteRunner.run(SuiteRunner.java:364)
at org.testng.SuiteRunnerWorker.runSuite(SuiteRunnerWorker.java:52)
at org.testng.SuiteRunnerWorker.run(SuiteRunnerWorker.java:84)
at org.testng.TestNG.runSuitesSequentially(TestNG.java:1208)
at org.testng.TestNG.runSuitesLocally(TestNG.java:1137)
at org.testng.TestNG.runSuites(TestNG.java:1049)
at org.testng.TestNG.run(TestNG.java:1017)
at org.testng.remote.AbstractRemoteTestNG.run(AbstractRemoteTestNG.java:115)
at org.testng.remote.RemoteTestNG.initAndRun(RemoteTestNG.java:251)
at org.testng.remote.RemoteTestNG.main(RemoteTestNG.java:77)
Caused by: java.net.UnknownHostException: No such host is known (chromedriver.storage.googleapis.com)
at java.base/java.net.Inet6AddressImpl.lookupAllHostAddr(Native Method)
at java.base/java.net.InetAddress$PlatformNameService.lookupAllHostAddr(InetAddress.java:932)
at java.base/java.net.InetAddress.getAddressesFromNameService(InetAddress.java:1517)
at java.base/java.net.InetAddress$NameServiceAddresses.get(InetAddress.java:851)
at java.base/java.net.InetAddress.getAllByName0(InetAddress.java:1507)
at java.base/java.net.InetAddress.getAllByName(InetAddress.java:1366)
at java.base/java.net.InetAddress.getAllByName(InetAddress.java:1300)
at org.apache.http.impl.conn.SystemDefaultDnsResolver.resolve(SystemDefaultDnsResolver.java:45)
at org.apache.http.impl.conn.DefaultHttpClientConnectionOperator.connect(DefaultHttpClientConnectionOperator.java:112)
at org.apache.http.impl.conn.PoolingHttpClientConnectionManager.connect(PoolingHttpClientConnectionManager.java:374)
at org.apache.http.impl.execchain.MainClientExec.establishRoute(MainClientExec.java:393)
at org.apache.http.impl.execchain.MainClientExec.execute(MainClientExec.java:236)
at org.apache.http.impl.execchain.ProtocolExec.execute(ProtocolExec.java:186)
at org.apache.http.impl.execchain.RetryExec.execute(RetryExec.java:89)
at org.apache.http.impl.execchain.RedirectExec.execute(RedirectExec.java:110)
at org.apache.http.impl.client.InternalHttpClient.doExecute(InternalHttpClient.java:185)
at org.apache.http.impl.client.CloseableHttpClient.execute(CloseableHttpClient.java:83)
at org.apache.http.impl.client.CloseableHttpClient.execute(CloseableHttpClient.java:108)
at io.github.bonigarcia.wdm.HttpClient.execute(HttpClient.java:160)
at io.github.bonigarcia.wdm.WebDriverManager.getDriversFromXml(WebDriverManager.java:907)
at io.github.bonigarcia.wdm.ChromeDriverManager.getDrivers(ChromeDriverManager.java:50)
at io.github.bonigarcia.wdm.WebDriverManager.filterCandidateUrls(WebDriverManager.java:628)
at io.github.bonigarcia.wdm.WebDriverManager.manage(WebDriverManager.java:523)
... 29 more
]]>
            </full-stacktrace>
          </exception> <!-- io.github.bonigarcia.wdm.WebDriverManagerException -->
          <reporter-output>
          </reporter-output>
        </test-method> <!-- login2 -->
      </class> <!-- php2.php2.phphlogin2 -->
    </test> <!-- Default test -->
  </suite> <!-- Default suite -->
</testng-results>
